[debug] [2023-03-14T05:50:09.120Z] ----------------------------------------------------------------------
[debug] [2023-03-14T05:50:09.123Z] Command:       /home/baowow/.nvm/versions/node/v16.16.0/bin/node /home/baowow/.nvm/versions/node/v16.16.0/bin/firebase init
[debug] [2023-03-14T05:50:09.123Z] CLI Version:   11.24.1
[debug] [2023-03-14T05:50:09.123Z] Platform:      linux
[debug] [2023-03-14T05:50:09.123Z] Node Version:  v16.16.0
[debug] [2023-03-14T05:50:09.124Z] Time:          Mon Mar 13 2023 22:50:09 GMT-0700 (Pacific Daylight Time)
[debug] [2023-03-14T05:50:09.124Z] ----------------------------------------------------------------------
[debug] 
[debug] [2023-03-14T05:50:09.131Z] > command requires scopes: ["email","openid","https://www.googleapis.com/auth/cloudplatformprojects.readonly","https://www.googleapis.com/auth/firebase","https://www.googleapis.com/auth/cloud-platform"]
[debug] [2023-03-14T05:50:09.132Z] > authorizing via signed-in user (baonguyen9392@gmail.com)
[info] 
     ######## #### ########  ######## ########     ###     ######  ########
     ##        ##  ##     ## ##       ##     ##  ##   ##  ##       ##
     ######    ##  ########  ######   ########  #########  ######  ######
     ##        ##  ##    ##  ##       ##     ## ##     ##       ## ##
     ##       #### ##     ## ######## ########  ##     ##  ######  ########

You're about to initialize a Firebase project in this directory:

  /home/baowow/repos/Wheres-Waldo

[info] 
=== Project Setup
[info] 
[info] First, let's associate this project directory with a Firebase project.
[info] You can create multiple project aliases by running firebase use --add, 
[info] but for now we'll just set up a default project.
[info] 
